2025-12-20 10:58:29,734 - INFO - Datos de entrenamiento y prueba cargados y escalados correctamente
2025-12-20 10:58:29,734 - INFO - Ejecución simple de prueba (K=4):
2025-12-20 10:58:34,363 - INFO - Modelo K-Means guardado en: C:\Users\pimie\Desktop\Desarrollo\TfgSpotify\Proyecto_de_big_data_e_inteligencia_artificial\src\modelos\kmeans_spotify_model.pkl
2025-12-20 10:58:34,396 - INFO - WCSS: 4218.90, Silhouette: 0.2731
2025-12-20 11:42:38,946 - INFO - Buscando datasets en: C:\Users\pimie\Desktop\Desarrollo\TfgSpotify\Proyecto_de_big_data_e_inteligencia_artificial\src\datasets
2025-12-20 11:42:39,045 - INFO - Datos cargados y escalados correctamente
2025-12-20 11:42:39,045 - INFO - Ejecución simple de prueba (K=4):
2025-12-20 11:42:43,587 - INFO - Modelo K-Means guardado en: modelos/kmeans_spotify_model.pkl
2025-12-20 11:42:43,619 - INFO - WCSS: 4218.90, Silhouette: 0.2731
2025-12-20 12:08:14,419 - INFO - Datos de entrenamiento y prueba cargados y escalados correctamente
2025-12-20 12:08:14,419 - INFO - Ejecución simple de prueba (K=4):
2025-12-20 12:08:19,068 - INFO - Modelo K-Means guardado en: modelos/kmeans_spotify_model.pkl
2025-12-20 12:08:19,102 - INFO - WCSS: 4218.90, Silhouette: 0.2731
2025-12-20 16:48:56,077 - INFO - Datos de entrenamiento y prueba cargados y escalados correctamente
2025-12-20 16:48:56,077 - INFO - Ejecución simple de prueba (K=4):
2025-12-20 16:49:01,581 - INFO - Modelo K-Means guardado en: C:\Users\pimie\Desktop\Desarrollo\TfgSpotify\Proyecto_de_big_data_e_inteligencia_artificial\src\modelos
2025-12-20 16:49:01,617 - INFO - WCSS: 4218.90, Silhouette: 0.2731
2025-12-21 19:06:12,429 - INFO - Modelo entrenado | k=4 | silhouette=0.2731 | 2.22s
2025-12-21 19:06:30,148 - INFO - Modelo entrenado | k=4 | silhouette=0.2731 | 2.08s
2025-12-21 19:08:12,793 - INFO - Modelo entrenado | k=4 | silhouette=0.2731 | 4.44s
2025-12-22 09:24:42,290 - INFO - Modelo entrenado | k=4 | silhouette=0.2731 | 2.18s
2025-12-22 09:25:25,038 - INFO - Modelo entrenado | k=4 | silhouette=0.2731 | 2.19s
2025-12-22 09:25:47,384 - INFO - Modelo entrenado | k=4 | silhouette=0.2731 | 2.20s
2025-12-22 09:25:47,385 - INFO - Se va a crear el dataset de canciones
2025-12-22 09:25:47,411 - INFO - Se ha creado el dataset de canciones correctamente
2025-12-22 11:16:29,064 - INFO - Métricas registradas en el historial JSON.
2025-12-22 11:16:29,064 - INFO - Modelo entrenado | k=4 | silhouette=0.2731 | 2.14s
2025-12-22 11:16:29,064 - INFO - Se va a crear el dataset de canciones
2025-12-22 11:16:29,089 - INFO - Se ha creado el dataset de canciones correctamente
2025-12-22 11:16:54,263 - INFO - Métricas registradas en el historial JSON.
2025-12-22 11:16:54,263 - INFO - Modelo entrenado | k=4 | silhouette=0.2731 | 2.18s
2025-12-22 11:16:54,264 - INFO - Se va a crear el dataset de canciones
2025-12-22 11:16:54,294 - INFO - Se ha creado el dataset de canciones correctamente
2025-12-22 11:17:03,713 - INFO - Métricas registradas en el historial JSON.
2025-12-22 11:17:03,713 - INFO - Modelo entrenado | k=4 | silhouette=0.2731 | 2.15s
2025-12-22 11:17:03,713 - INFO - Se va a crear el dataset de canciones
2025-12-22 11:17:03,736 - INFO - Se ha creado el dataset de canciones correctamente
2025-12-22 11:21:16,978 - INFO - Métricas registradas en el historial JSON.
2025-12-22 11:21:16,978 - INFO - Modelo entrenado | k=4 | silhouette=0.2731 | 2.17s
2025-12-22 11:21:16,978 - INFO - Se va a crear el dataset de canciones
2025-12-22 11:21:17,003 - INFO - Se ha creado el dataset de canciones correctamente
2025-12-22 11:22:16,271 - INFO - Métricas registradas en el historial JSON.
2025-12-22 11:22:16,271 - INFO - Modelo entrenado | k=4 | silhouette=0.2731 | 2.16s
2025-12-22 11:22:16,271 - INFO - Se va a crear el dataset de canciones
2025-12-22 11:22:16,299 - INFO - Se ha creado el dataset de canciones correctamente
2025-12-22 11:31:27,417 - INFO - Métricas registradas en el historial JSON.
2025-12-22 11:31:27,417 - INFO - Modelo entrenado | k=4 | silhouette=0.2731 | 4.80s
2025-12-22 11:31:27,417 - INFO - Se va a crear el dataset de canciones
2025-12-22 11:31:27,448 - INFO - Se ha creado el dataset de canciones correctamente
2025-12-22 13:04:40,862 - INFO - Métricas registradas en el historial JSON.
2025-12-22 13:04:40,862 - INFO - Modelo entrenado | k=4 | silhouette=0.2731 | 2.18s
2025-12-22 13:04:40,862 - INFO - Se va a crear el dataset de canciones
2025-12-22 13:04:40,889 - INFO - Se ha creado el dataset de canciones correctamente
2025-12-22 18:13:09,906 - INFO - Logger iniciado correctamente
2025-12-22 18:13:10,000 - INFO - Datos de entrenamiento y prueba cargados y escalados correctamente
2025-12-22 18:13:12,293 - INFO - Métricas registradas en el historial JSON.
2025-12-22 18:13:12,293 - INFO - Modelo entrenado | k=4 | silhouette=0.2731 | 2.24s
2025-12-22 18:13:12,294 - INFO - Se va a crear el dataset de canciones
2025-12-22 18:13:12,340 - INFO - Se ha creado el dataset de canciones correctamente
2025-12-22 18:57:16,744 - INFO - Logger iniciado correctamente
2025-12-22 18:57:16,946 - INFO - Datos de entrenamiento y prueba cargados y escalados correctamente
2025-12-22 18:57:21,733 - INFO - Métricas registradas en el historial JSON.
2025-12-22 18:57:21,733 - INFO - Modelo entrenado | k=4 | silhouette=0.2731 | 4.75s
2025-12-22 18:57:21,733 - INFO - Se va a crear el dataset de canciones
2025-12-22 18:57:21,772 - INFO - Se ha creado el dataset de canciones correctamente
2025-12-28 18:39:57,459 - INFO - Logger iniciado correctamente
2025-12-28 18:39:57,878 - INFO - Datos de entrenamiento y prueba cargados y escalados correctamente
2025-12-28 18:40:02,604 - INFO - Métricas registradas en el historial JSON.
2025-12-28 18:40:02,604 - INFO - Modelo entrenado | k=4 | silhouette=0.2731 | 4.68s
2025-12-28 18:40:02,604 - INFO - Se va a crear el dataset de canciones
2025-12-28 18:40:02,650 - INFO - Se ha creado el dataset de canciones correctamente
2025-12-28 18:41:45,819 - INFO - Logger iniciado correctamente
2025-12-28 18:41:46,055 - INFO - Datos de entrenamiento y prueba cargados y escalados correctamente
2025-12-28 18:41:50,760 - INFO - Métricas registradas en el historial JSON.
2025-12-28 18:41:50,760 - INFO - Modelo entrenado | k=4 | silhouette=0.2731 | 4.67s
2025-12-28 18:41:50,760 - INFO - Se va a crear el dataset de canciones
2025-12-28 18:41:50,796 - INFO - Se ha creado el dataset de canciones correctamente
2025-12-28 18:48:00,403 - INFO - Logger iniciado correctamente
2025-12-28 18:48:00,502 - INFO - Datos de entrenamiento y prueba cargados y escalados correctamente
2025-12-28 18:48:04,816 - INFO - Métricas registradas en el historial JSON.
2025-12-28 18:48:04,816 - INFO - Modelo entrenado | k=4 | silhouette=0.2731 | 4.28s
2025-12-28 18:48:04,816 - INFO - Se va a crear el dataset de canciones
2025-12-28 18:48:04,842 - INFO - Se ha creado el dataset de canciones correctamente
2025-12-28 18:48:32,117 - INFO - Logger iniciado correctamente
2025-12-28 18:48:32,324 - INFO - Datos de entrenamiento y prueba cargados y escalados correctamente
2025-12-28 18:48:37,302 - INFO - Métricas registradas en el historial JSON.
2025-12-28 18:48:37,302 - INFO - Modelo entrenado | k=4 | silhouette=0.2731 | 4.94s
2025-12-28 18:48:37,302 - INFO - Se va a crear el dataset de canciones
2025-12-28 18:48:37,331 - INFO - Se ha creado el dataset de canciones correctamente
